  Render.cpp
d:\new folder of files\unisinos\2019-2\redes para computadores\chat_project\chat_project\render.cpp(53): warning C4244: 'argumento': conversão de 'int' para 'T', possível perda de dados
          with
          [
              T=float
          ]
d:\new folder of files\unisinos\2019-2\redes para computadores\chat_project\chat_project\render.cpp(65): warning C4244: 'argumento': conversão de 'int' para 'T', possível perda de dados
          with
          [
              T=float
          ]
d:\new folder of files\unisinos\2019-2\redes para computadores\chat_project\chat_project\render.cpp(94): warning C4305: 'inicializando': truncamento de 'double' para 'float'
d:\new folder of files\unisinos\2019-2\redes para computadores\chat_project\chat_project\render.cpp(97): warning C4244: 'inicializando': conversão de 'T' para 'int', possível perda de dados
          with
          [
              T=float
          ]
d:\new folder of files\unisinos\2019-2\redes para computadores\chat_project\chat_project\render.cpp(98): warning C4244: 'inicializando': conversão de 'T' para 'int', possível perda de dados
          with
          [
              T=float
          ]
d:\new folder of files\unisinos\2019-2\redes para computadores\chat_project\chat_project\render.cpp(134): warning C4244: 'inicializando': conversão de 'T' para 'int', possível perda de dados
          with
          [
              T=float
          ]
d:\new folder of files\unisinos\2019-2\redes para computadores\chat_project\chat_project\render.cpp(135): warning C4244: 'inicializando': conversão de 'T' para 'int', possível perda de dados
          with
          [
              T=float
          ]
d:\new folder of files\unisinos\2019-2\redes para computadores\chat_project\chat_project\render.cpp(141): warning C4244: 'argumento': conversão de 'int' para 'T', possível perda de dados
          with
          [
              T=float
          ]
d:\new folder of files\unisinos\2019-2\redes para computadores\chat_project\chat_project\render.cpp(187): warning C4018: '<': incompatibilidade de signed/unsigned
d:\new folder of files\unisinos\2019-2\redes para computadores\chat_project\chat_project\render.cpp(220): warning C4018: '<': incompatibilidade de signed/unsigned
  Chat_Project.vcxproj -> D:\New Folder of Files\Unisinos\2019-2\Redes para Computadores\Chat_Project\Debug\Chat_Project.exe
